2021-12-15 23:37:36 INFO  MainRestController:26 - running test
2021-12-15 23:42:46 INFO  PageTest:26 - running main page test
2021-12-15 23:42:47 INFO  PageTest:30 - running get /users api
2021-12-15 23:45:01 DEBUG MainRestController:33 - getting all users
2021-12-15 23:49:49 DEBUG MainRestController:33 - getting all users
2021-12-15 23:50:01 DEBUG MainRestController:47 - try to login user
2021-12-15 23:50:02 DEBUG MainRestController:33 - getting all users
2021-12-16 10:00:46 INFO  PageTest:26 - running main page test
2021-12-16 10:00:47 INFO  PageTest:30 - running get /users api
2021-12-16 10:00:47 DEBUG MainRestController:33 - getting all users
2021-12-18 20:02:43 DEBUG MainRestController:33 - getting all users
2021-12-18 20:03:20 DEBUG MainRestController:33 - getting all users
2021-12-18 20:03:34 DEBUG MainRestController:47 - try to login user
2021-12-18 20:03:34 DEBUG MainRestController:33 - getting all users
2021-12-18 20:04:15 DEBUG MainRestController:33 - getting all users
2021-12-18 20:04:26 DEBUG MainRestController:47 - try to login user
2021-12-18 20:04:26 DEBUG MainRestController:33 - getting all users
2021-12-18 20:05:28 DEBUG MainRestController:33 - getting all users
2021-12-18 20:07:39 DEBUG MainRestController:33 - getting all users
2021-12-18 20:11:47 DEBUG MainRestController:33 - getting all users
2021-12-18 20:12:10 DEBUG MainRestController:33 - getting all users
2021-12-18 20:12:21 DEBUG MainRestController:47 - try to login user
2021-12-18 20:12:21 DEBUG MainRestController:33 - getting all users
2021-12-18 20:12:45 DEBUG MainRestController:33 - getting all users
2021-12-18 20:12:53 DEBUG MainRestController:47 - try to login user
2021-12-18 20:12:53 DEBUG MainRestController:33 - getting all users
2021-12-18 20:17:15 DEBUG MainRestController:33 - getting all users
2021-12-18 20:17:35 DEBUG MainRestController:33 - getting all users
2021-12-18 20:17:46 DEBUG MainRestController:47 - try to login user
2021-12-18 20:17:46 DEBUG MainRestController:33 - getting all users
2021-12-18 20:18:30 DEBUG MainRestController:33 - getting all users
2021-12-18 20:18:38 DEBUG MainRestController:47 - try to login user
2021-12-18 20:18:38 DEBUG MainRestController:33 - getting all users
2021-12-18 20:19:03 DEBUG MainRestController:33 - getting all users
2021-12-18 20:19:12 DEBUG MainRestController:47 - try to login user
2021-12-18 20:19:12 DEBUG MainRestController:33 - getting all users
2021-12-18 20:19:23 DEBUG MainRestController:33 - getting all users
2021-12-18 20:19:31 DEBUG MainRestController:47 - try to login user
2021-12-18 21:38:09 DEBUG MainRestController:33 - getting all users
2021-12-20 09:46:54 DEBUG MainRestController:33 - getting all users
2021-12-20 09:47:06 DEBUG MainRestController:33 - getting all users
2021-12-20 09:47:22 DEBUG MainRestController:47 - try to login user
2021-12-20 09:47:22 DEBUG MainRestController:33 - getting all users
2021-12-20 09:51:12 DEBUG MainRestController:33 - getting all users
2021-12-20 09:51:26 DEBUG MainRestController:47 - try to login user
2021-12-20 09:51:26 DEBUG MainRestController:33 - getting all users
2021-12-20 09:55:40 DEBUG MainRestController:33 - getting all users
2021-12-20 09:55:54 DEBUG MainRestController:47 - try to login user
2021-12-20 09:55:55 DEBUG MainRestController:33 - getting all users
2021-12-20 09:59:14 DEBUG MainRestController:33 - getting all users
2021-12-20 09:59:24 DEBUG MainRestController:47 - try to login user
2021-12-20 09:59:24 DEBUG MainRestController:33 - getting all users
2021-12-26 23:43:58 DEBUG MainRestController:39 - getting all users
2021-12-26 23:43:59 DEBUG MainRestController:39 - getting all users
2021-12-26 23:44:07 DEBUG MainRestController:53 - try to login user
2021-12-26 23:44:07 DEBUG MainRestController:39 - getting all users
2021-12-26 23:44:09 DEBUG MainRestController:39 - getting all users
2021-12-26 23:44:25 DEBUG MainRestController:77 - try to register user
2021-12-26 23:44:36 DEBUG MainRestController:39 - getting all users
2021-12-26 23:46:25 DEBUG MainRestController:77 - try to register user
2021-12-26 23:46:36 DEBUG MainRestController:39 - getting all users
2021-12-26 23:47:29 DEBUG MainRestController:53 - try to login user
2021-12-26 23:47:29 DEBUG MainRestController:39 - getting all users
2021-12-27 23:24:18 DEBUG MainRestController:39 - getting all users
2021-12-27 23:24:20 DEBUG MainRestController:39 - getting all users
2021-12-27 23:24:33 DEBUG MainRestController:53 - try to login user
2021-12-27 23:24:33 ERROR MainRestController:68 - error login
2021-12-27 23:24:41 DEBUG MainRestController:53 - try to login user
2021-12-27 23:24:41 ERROR MainRestController:68 - error login
2021-12-27 23:24:43 DEBUG MainRestController:53 - try to login user
2021-12-27 23:24:43 ERROR MainRestController:68 - error login
2021-12-27 23:24:44 DEBUG MainRestController:39 - getting all users
2021-12-27 23:24:58 DEBUG MainRestController:53 - try to login user
2021-12-27 23:24:59 DEBUG MainRestController:39 - getting all users
2021-12-27 23:25:00 DEBUG MainRestController:39 - getting all users
2021-12-27 23:25:00 DEBUG MainRestController:39 - getting all users
2021-12-27 23:25:02 DEBUG MainRestController:39 - getting all users
2021-12-27 23:27:01 DEBUG MainRestController:39 - getting all users
2021-12-27 23:27:16 DEBUG MainRestController:53 - try to login user
2021-12-27 23:27:16 ERROR MainRestController:68 - error login
2021-12-27 23:29:40 DEBUG MainRestController:53 - try to login user
2021-12-27 23:29:40 DEBUG MainRestController:39 - getting all users
2021-12-28 00:15:51 DEBUG MainRestController:39 - getting all users
2021-12-28 00:16:09 DEBUG MainRestController:77 - try to register user
2021-12-28 00:16:22 DEBUG MainRestController:39 - getting all users
2021-12-28 00:16:58 DEBUG MainRestController:39 - getting all users
2021-12-28 00:16:58 DEBUG MainRestController:39 - getting all users
2021-12-28 00:16:59 DEBUG MainRestController:39 - getting all users
2021-12-28 00:21:29 DEBUG MainRestController:77 - try to register user
2021-12-28 00:21:41 DEBUG MainRestController:39 - getting all users
2021-12-28 00:22:27 DEBUG MainRestController:39 - getting all users
2021-12-28 00:23:02 DEBUG MainRestController:77 - try to register user
2021-12-28 00:24:08 DEBUG MainRestController:77 - try to register user
2021-12-28 00:24:22 DEBUG MainRestController:39 - getting all users
2021-12-28 00:26:03 DEBUG MainRestController:77 - try to register user
2021-12-28 00:26:39 DEBUG MainRestController:39 - getting all users
2021-12-28 00:26:42 DEBUG MainRestController:39 - getting all users
2021-12-28 00:26:42 DEBUG MainRestController:39 - getting all users
2021-12-28 00:26:44 DEBUG MainRestController:39 - getting all users
2021-12-28 00:26:44 DEBUG MainRestController:39 - getting all users
2021-12-28 00:26:45 DEBUG MainRestController:39 - getting all users
2021-12-28 00:26:45 DEBUG MainRestController:39 - getting all users
2021-12-28 00:26:46 DEBUG MainRestController:39 - getting all users
2021-12-28 10:31:28 DEBUG MainRestController:39 - getting all users
2021-12-28 10:31:40 DEBUG MainRestController:53 - try to login user
2021-12-28 10:31:40 DEBUG MainRestController:39 - getting all users
2021-12-28 10:33:42 DEBUG MainRestController:39 - getting all users
2021-12-28 10:33:54 DEBUG MainRestController:53 - try to login user
2021-12-28 10:33:54 DEBUG MainRestController:39 - getting all users
2021-12-28 10:35:36 DEBUG MainRestController:39 - getting all users
2021-12-28 10:36:02 DEBUG MainRestController:39 - getting all users
2021-12-28 10:36:02 DEBUG MainRestController:39 - getting all users
2021-12-28 10:36:03 DEBUG MainRestController:39 - getting all users
2021-12-28 10:36:03 DEBUG MainRestController:39 - getting all users
2021-12-28 10:36:05 DEBUG MainRestController:39 - getting all users
2021-12-28 10:36:06 DEBUG MainRestController:39 - getting all users
2021-12-28 10:36:06 DEBUG MainRestController:39 - getting all users
2021-12-28 10:36:07 DEBUG MainRestController:39 - getting all users
2021-12-28 10:36:08 DEBUG MainRestController:39 - getting all users
2021-12-28 10:36:08 DEBUG MainRestController:39 - getting all users
2021-12-28 10:36:08 DEBUG MainRestController:39 - getting all users
2021-12-28 10:38:38 DEBUG MainRestController:39 - getting all users
2021-12-28 10:38:38 INFO  AspectLogger:22 - getUsers called...
2021-12-28 10:38:38 DEBUG MainRestController:39 - getting all users
2021-12-28 10:38:38 INFO  AspectLogger:22 - getUsers called...
2021-12-28 10:43:00 INFO  AspectLogger:37 - getAllScootersForUser called...
2021-12-28 10:43:00 INFO  AspectLogger:29 - getAllScootersForUser called...
2021-12-28 10:43:14 INFO  AspectLogger:37 - getAllScootersForUser called...
2021-12-28 10:43:14 INFO  AspectLogger:29 - getAllScootersForUser called...
2021-12-28 10:43:24 DEBUG MainRestController:39 - getting all users
2021-12-28 10:43:24 INFO  AspectLogger:21 - getUsers called...
2021-12-28 10:44:13 DEBUG MainRestController:53 - try to login user
2021-12-28 10:44:13 INFO  AspectLogger:21 - loginUser called...
2021-12-28 10:44:13 DEBUG MainRestController:39 - getting all users
2021-12-28 10:44:13 INFO  AspectLogger:21 - getUsers called...
2021-12-28 10:44:13 INFO  AspectLogger:21 - isAuthorized called...
2021-12-28 10:44:13 INFO  AspectLogger:21 - getUser called...
2021-12-28 10:44:13 INFO  AspectLogger:29 - getAllScootersForAdmin called...
2021-12-28 10:44:13 INFO  AspectLogger:37 - getAllByScooterExpirationDateLessThan called...
2021-12-28 10:44:19 INFO  AspectLogger:29 - adminGetScooterByName called...
2021-12-28 10:44:20 INFO  AspectLogger:29 - isScooterExistByName called...
2021-12-28 10:44:20 INFO  AspectLogger:21 - isAuthorized called...
2021-12-28 10:44:20 INFO  AspectLogger:29 - adminGetScooterByName called...
2021-12-28 10:44:20 INFO  AspectLogger:37 - isUserRentExistByScooterId called...
2021-12-28 10:44:25 INFO  AspectLogger:29 - adminGetScooterByName called...
2021-12-28 10:44:26 INFO  AspectLogger:29 - isScooterExistByName called...
2021-12-28 10:44:26 INFO  AspectLogger:21 - isAuthorized called...
2021-12-28 10:44:26 INFO  AspectLogger:29 - adminGetScooterByName called...
2021-12-28 10:44:26 INFO  AspectLogger:37 - isUserRentExistByScooterId called...
2021-12-28 10:44:26 INFO  AspectLogger:29 - deleteScooterByNameA called...
2021-12-28 10:44:26 INFO  AspectLogger:29 - getAllScootersForAdmin called...
2021-12-28 12:38:04 DEBUG MainRestController:39 - getting all users
2021-12-28 12:38:04 INFO  AspectLogger:21 - getUsers called...
2021-12-28 12:38:04 INFO  AspectLogger:21 - isAuthorized called...
2021-12-28 12:38:04 INFO  AspectLogger:21 - getUser called...
2021-12-28 12:38:04 INFO  AspectLogger:29 - getAllScootersForAdmin called...
2021-12-28 12:38:04 INFO  AspectLogger:37 - getAllByScooterExpirationDateLessThan called...
2021-12-28 12:38:06 DEBUG MainRestController:39 - getting all users
2021-12-28 12:38:06 INFO  AspectLogger:21 - getUsers called...
2021-12-28 12:38:22 DEBUG MainRestController:39 - getting all users
2021-12-28 12:38:22 INFO  AspectLogger:21 - getUsers called...
2021-12-28 12:38:22 DEBUG MainRestController:39 - getting all users
2021-12-28 12:38:22 INFO  AspectLogger:21 - getUsers called...
2021-12-28 12:38:23 DEBUG MainRestController:39 - getting all users
2021-12-28 12:38:23 INFO  AspectLogger:21 - getUsers called...
2021-12-28 12:38:24 DEBUG MainRestController:39 - getting all users
2021-12-28 12:38:24 INFO  AspectLogger:21 - getUsers called...
2021-12-28 12:38:24 DEBUG MainRestController:39 - getting all users
2021-12-28 12:38:24 INFO  AspectLogger:21 - getUsers called...
2021-12-28 12:38:24 DEBUG MainRestController:39 - getting all users
2021-12-28 12:38:24 INFO  AspectLogger:21 - getUsers called...
2021-12-28 12:38:32 DEBUG MainRestController:39 - getting all users
2021-12-28 12:38:32 INFO  AspectLogger:21 - getUsers called...
2021-12-28 12:38:32 DEBUG MainRestController:39 - getting all users
2021-12-28 12:38:32 INFO  AspectLogger:21 - getUsers called...
2021-12-28 12:38:33 DEBUG MainRestController:39 - getting all users
2021-12-28 12:38:33 INFO  AspectLogger:21 - getUsers called...
2021-12-28 12:39:01 DEBUG MainRestController:39 - getting all users
2021-12-28 12:39:01 INFO  AspectLogger:21 - getUsers called...
2021-12-28 12:39:01 DEBUG MainRestController:39 - getting all users
2021-12-28 12:39:01 INFO  AspectLogger:21 - getUsers called...
2021-12-28 12:39:02 DEBUG MainRestController:39 - getting all users
2021-12-28 12:39:02 INFO  AspectLogger:21 - getUsers called...
2021-12-28 12:39:18 DEBUG MainRestController:53 - try to login user
2021-12-28 12:39:18 ERROR MainRestController:68 - error login
2021-12-28 12:39:18 INFO  AspectLogger:21 - loginUser called...
2021-12-28 12:39:21 DEBUG MainRestController:53 - try to login user
2021-12-28 12:39:21 INFO  AspectLogger:21 - loginUser called...
2021-12-28 12:39:22 DEBUG MainRestController:39 - getting all users
2021-12-28 12:39:22 INFO  AspectLogger:21 - getUsers called...
2021-12-28 12:39:22 INFO  AspectLogger:21 - isAuthorized called...
2021-12-28 12:39:22 INFO  AspectLogger:21 - getUser called...
2021-12-28 12:39:22 INFO  AspectLogger:29 - getAllScootersForUser called...
2021-12-28 12:39:22 INFO  AspectLogger:21 - getUser called...
2021-12-28 12:39:22 INFO  AspectLogger:37 - getAllByUserId called...
2021-12-28 12:39:41 INFO  AspectLogger:21 - getUser called...
2021-12-28 12:39:41 INFO  AspectLogger:29 - userGetScooterByName called...
2021-12-28 12:39:54 INFO  AspectLogger:29 - deleteScooterByNameU called...
2021-12-28 12:39:54 INFO  AspectLogger:21 - getUser called...
2021-12-28 12:39:54 INFO  AspectLogger:37 - getAllByUserId called...
2021-12-28 12:39:59 INFO  AspectLogger:21 - getUser called...
2021-12-28 12:39:59 INFO  AspectLogger:29 - userGetScooterByName called...
2021-12-28 12:40:25 INFO  AspectLogger:21 - getUser called...
2021-12-28 12:40:25 INFO  AspectLogger:37 - isUserRentExistByUserId called...
2021-12-28 12:40:25 INFO  AspectLogger:21 - isAuthorized called...
2021-12-28 12:40:25 INFO  AspectLogger:37 - createUserRent called...
2021-12-28 12:40:25 INFO  AspectLogger:21 - getUser called...
2021-12-28 12:40:25 INFO  AspectLogger:37 - getAllByUserId called...
2021-12-28 12:40:40 INFO  AspectLogger:21 - getUser called...
2021-12-28 12:40:40 INFO  AspectLogger:29 - userGetScooterByName called...
2021-12-28 12:40:46 INFO  AspectLogger:21 - getUser called...
2021-12-28 12:40:46 INFO  AspectLogger:37 - isUserRentExistByUserId called...
2021-12-28 12:40:47 INFO  AspectLogger:21 - isAuthorized called...
2021-12-28 12:41:05 INFO  AspectLogger:21 - getUser called...
2021-12-28 12:41:05 INFO  AspectLogger:29 - userGetScooterByName called...
2021-12-28 12:41:12 INFO  AspectLogger:21 - getUser called...
2021-12-28 12:41:12 INFO  AspectLogger:37 - isUserRentExistByUserId called...
2021-12-28 12:41:12 INFO  AspectLogger:21 - isAuthorized called...
2021-12-28 12:41:15 INFO  AspectLogger:21 - getUser called...
2021-12-28 12:41:15 INFO  AspectLogger:37 - isUserRentExistByUserId called...
2021-12-28 12:41:15 INFO  AspectLogger:21 - isAuthorized called...
2021-12-28 12:41:17 DEBUG MainRestController:39 - getting all users
2021-12-28 12:41:17 INFO  AspectLogger:21 - getUsers called...
2021-12-28 12:41:17 INFO  AspectLogger:21 - isAuthorized called...
2021-12-28 12:41:17 INFO  AspectLogger:21 - getUser called...
2021-12-28 12:41:17 INFO  AspectLogger:29 - getAllScootersForUser called...
2021-12-28 12:41:17 INFO  AspectLogger:21 - getUser called...
2021-12-28 12:41:17 INFO  AspectLogger:37 - getAllByUserId called...
2021-12-28 12:41:25 DEBUG MainRestController:39 - getting all users
2021-12-28 12:41:25 INFO  AspectLogger:21 - getUsers called...
2021-12-28 12:41:34 DEBUG MainRestController:53 - try to login user
2021-12-28 12:41:34 INFO  AspectLogger:21 - loginUser called...
2021-12-28 12:41:34 DEBUG MainRestController:39 - getting all users
2021-12-28 12:41:34 INFO  AspectLogger:21 - getUsers called...
2021-12-28 12:41:34 INFO  AspectLogger:21 - isAuthorized called...
2021-12-28 12:41:34 INFO  AspectLogger:21 - getUser called...
2021-12-28 12:41:34 INFO  AspectLogger:29 - getAllScootersForAdmin called...
2021-12-28 12:41:34 INFO  AspectLogger:37 - getAllByScooterExpirationDateLessThan called...
2021-12-28 12:41:55 INFO  AspectLogger:29 - isScooterExistByName called...
2021-12-28 12:41:55 INFO  AspectLogger:21 - isAuthorized called...
2021-12-28 12:41:55 INFO  AspectLogger:29 - createScooter called...
2021-12-28 12:41:55 INFO  AspectLogger:29 - getAllScootersForAdmin called...
2021-12-28 12:41:59 INFO  AspectLogger:29 - adminGetScooterByName called...
2021-12-28 12:42:01 INFO  AspectLogger:29 - adminGetScooterByName called...
2021-12-28 12:42:02 INFO  AspectLogger:29 - adminGetScooterByName called...
2021-12-28 12:42:08 INFO  AspectLogger:29 - isScooterExistByName called...
2021-12-28 12:42:08 INFO  AspectLogger:21 - isAuthorized called...
2021-12-28 12:42:08 INFO  AspectLogger:29 - adminGetScooterByName called...
2021-12-28 12:42:08 INFO  AspectLogger:29 - updateScooter called...
2021-12-28 12:42:08 INFO  AspectLogger:29 - getAllScootersForAdmin called...
2021-12-28 12:42:24 DEBUG MainRestController:39 - getting all users
2021-12-28 12:42:24 INFO  AspectLogger:21 - getUsers called...
2021-12-28 12:42:33 DEBUG MainRestController:53 - try to login user
2021-12-28 12:42:33 INFO  AspectLogger:21 - loginUser called...
2021-12-28 12:42:33 DEBUG MainRestController:39 - getting all users
2021-12-28 12:42:33 INFO  AspectLogger:21 - getUsers called...
2021-12-28 12:42:33 INFO  AspectLogger:21 - isAuthorized called...
2021-12-28 12:42:33 INFO  AspectLogger:21 - getUser called...
2021-12-28 12:42:33 INFO  AspectLogger:29 - getAllScootersForUser called...
2021-12-28 12:42:33 INFO  AspectLogger:21 - getUser called...
2021-12-28 12:42:33 INFO  AspectLogger:37 - getAllByUserId called...
2021-12-28 12:42:38 INFO  AspectLogger:21 - getUser called...
2021-12-28 12:42:38 INFO  AspectLogger:29 - userGetScooterByName called...
2021-12-28 12:42:43 INFO  AspectLogger:29 - deleteScooterByNameU called...
2021-12-28 12:42:43 INFO  AspectLogger:21 - getUser called...
2021-12-28 12:42:43 INFO  AspectLogger:37 - getAllByUserId called...
2021-12-28 12:42:44 INFO  AspectLogger:21 - getUser called...
2021-12-28 12:42:44 INFO  AspectLogger:29 - userGetScooterByName called...
2021-12-28 12:42:51 INFO  AspectLogger:21 - getUser called...
2021-12-28 12:42:51 INFO  AspectLogger:37 - isUserRentExistByUserId called...
2021-12-28 12:42:51 INFO  AspectLogger:21 - isAuthorized called...
2021-12-28 12:42:51 INFO  AspectLogger:37 - createUserRent called...
2021-12-28 12:42:51 INFO  AspectLogger:21 - getUser called...
2021-12-28 12:42:51 INFO  AspectLogger:37 - getAllByUserId called...
2021-12-28 12:42:59 DEBUG MainRestController:39 - getting all users
2021-12-28 12:42:59 INFO  AspectLogger:21 - getUsers called...
2021-12-28 12:43:08 DEBUG MainRestController:53 - try to login user
2021-12-28 12:43:08 ERROR MainRestController:68 - error login
2021-12-28 12:43:08 INFO  AspectLogger:21 - loginUser called...
2021-12-28 12:43:11 DEBUG MainRestController:53 - try to login user
2021-12-28 12:43:11 INFO  AspectLogger:21 - loginUser called...
2021-12-28 12:43:11 DEBUG MainRestController:39 - getting all users
2021-12-28 12:43:11 INFO  AspectLogger:21 - getUsers called...
2021-12-28 12:43:11 INFO  AspectLogger:21 - isAuthorized called...
2021-12-28 12:43:11 INFO  AspectLogger:21 - getUser called...
2021-12-28 12:43:11 INFO  AspectLogger:29 - getAllScootersForAdmin called...
2021-12-28 12:43:11 INFO  AspectLogger:37 - getAllByScooterExpirationDateLessThan called...
2021-12-28 12:43:22 INFO  AspectLogger:37 - setUserRentFormById called...
2021-12-28 12:43:22 INFO  AspectLogger:37 - getAllByScooterExpirationDateLessThan called...
2021-12-28 12:43:25 DEBUG MainRestController:39 - getting all users
2021-12-28 12:43:25 INFO  AspectLogger:21 - getUsers called...
2021-12-28 12:43:35 DEBUG MainRestController:53 - try to login user
2021-12-28 12:43:35 INFO  AspectLogger:21 - loginUser called...
2021-12-28 12:43:36 DEBUG MainRestController:39 - getting all users
2021-12-28 12:43:36 INFO  AspectLogger:21 - getUsers called...
2021-12-28 12:43:36 INFO  AspectLogger:21 - isAuthorized called...
2021-12-28 12:43:36 INFO  AspectLogger:21 - getUser called...
2021-12-28 12:43:36 INFO  AspectLogger:29 - getAllScootersForUser called...
2021-12-28 12:43:36 INFO  AspectLogger:21 - getUser called...
2021-12-28 12:43:36 INFO  AspectLogger:37 - getAllByUserId called...
